<?xml version="1.0" encoding="UTF-8"?>
<testsuite name="org.bedu.atko.repository.IClientRepositoryTest" tests="4" skipped="0" failures="0" errors="0" timestamp="2023-07-09T02:57:51" hostname="LAPTOP-6DH68450" time="0.152">
  <properties/>
  <testcase name="Elimina un cliente" classname="org.bedu.atko.repository.IClientRepositoryTest" time="0.085"/>
  <testcase name="Obtiene todos los clientes" classname="org.bedu.atko.repository.IClientRepositoryTest" time="0.033"/>
  <testcase name="Obtiene un cliente por su id" classname="org.bedu.atko.repository.IClientRepositoryTest" time="0.023"/>
  <testcase name="Guarda un cliente" classname="org.bedu.atko.repository.IClientRepositoryTest" time="0.01"/>
  <system-out><![CDATA[2023-07-08T21:57:45.612-05:00  INFO 19960 --- [    Test worker] t.c.s.AnnotationConfigContextLoaderUtils : Could not detect default configuration classes for test class [org.bedu.atko.repository.IClientRepositoryTest]: IClientRepositoryTest does not declare any static, non-private, non-final, nested classes annotated with @Configuration.
2023-07-08T21:57:45.631-05:00  INFO 19960 --- [    Test worker] .b.t.c.SpringBootTestContextBootstrapper : Found @SpringBootConfiguration org.bedu.atko.AtkoApplication for test class org.bedu.atko.repository.IClientRepositoryTest

  .   ____          _            __ _ _
 /\\ / ___'_ __ _ _(_)_ __  __ _ \ \ \ \
( ( )\___ | '_ | '_| | '_ \/ _` | \ \ \ \
 \\/  ___)| |_)| | | | | || (_| |  ) ) ) )
  '  |____| .__|_| |_|_| |_\__, | / / / /
 =========|_|==============|___/=/_/_/_/
 :: Spring Boot ::                (v3.1.0)

2023-07-08T21:57:45.692-05:00  INFO 19960 --- [    Test worker] o.b.a.repository.IClientRepositoryTest   : Starting IClientRepositoryTest using Java 17.0.2 with PID 19960 (started by jacor in D:\bedu\fase3\modulo2\proyecto\atko-pruebas\atko-main)
2023-07-08T21:57:45.693-05:00  INFO 19960 --- [    Test worker] o.b.a.repository.IClientRepositoryTest   : No active profile set, falling back to 1 default profile: "default"
2023-07-08T21:57:46.228-05:00  INFO 19960 --- [    Test worker] .s.d.r.c.RepositoryConfigurationDelegate : Bootstrapping Spring Data JPA repositories in DEFAULT mode.
2023-07-08T21:57:46.346-05:00  INFO 19960 --- [    Test worker] .s.d.r.c.RepositoryConfigurationDelegate : Finished Spring Data repository scanning in 96 ms. Found 3 JPA repository interfaces.
2023-07-08T21:57:46.849-05:00  INFO 19960 --- [    Test worker] o.hibernate.jpa.internal.util.LogHelper  : HHH000204: Processing PersistenceUnitInfo [name: default]
2023-07-08T21:57:46.980-05:00  INFO 19960 --- [    Test worker] org.hibernate.Version                    : HHH000412: Hibernate ORM core version 6.2.2.Final
2023-07-08T21:57:46.985-05:00  INFO 19960 --- [    Test worker] org.hibernate.cfg.Environment            : HHH000406: Using bytecode reflection optimizer
2023-07-08T21:57:47.226-05:00  INFO 19960 --- [    Test worker] o.h.b.i.BytecodeProviderInitiator        : HHH000021: Bytecode provider name : bytebuddy
2023-07-08T21:57:47.238-05:00  INFO 19960 --- [    Test worker] o.s.o.j.p.SpringPersistenceUnitInfo      : No LoadTimeWeaver setup: ignoring JPA class transformer
2023-07-08T21:57:47.273-05:00  INFO 19960 --- [    Test worker] com.zaxxer.hikari.HikariDataSource       : HikariPool-1 - Starting...
2023-07-08T21:57:47.816-05:00  INFO 19960 --- [    Test worker] com.zaxxer.hikari.pool.HikariPool        : HikariPool-1 - Added connection com.mysql.cj.jdbc.ConnectionImpl@2dc77962
2023-07-08T21:57:47.820-05:00  INFO 19960 --- [    Test worker] com.zaxxer.hikari.HikariDataSource       : HikariPool-1 - Start completed.
2023-07-08T21:57:47.908-05:00  INFO 19960 --- [    Test worker] org.hibernate.orm.dialect                : HHH035001: Using dialect: org.hibernate.dialect.MySQL8Dialect, version: 8.0
2023-07-08T21:57:47.911-05:00  WARN 19960 --- [    Test worker] org.hibernate.orm.deprecation            : HHH90000026: MySQL8Dialect has been deprecated; use org.hibernate.dialect.MySQLDialect instead
2023-07-08T21:57:48.327-05:00  INFO 19960 --- [    Test worker] o.h.b.i.BytecodeProviderInitiator        : HHH000021: Bytecode provider name : bytebuddy
2023-07-08T21:57:49.349-05:00  INFO 19960 --- [    Test worker] o.h.e.t.j.p.i.JtaPlatformInitiator       : HHH000490: Using JtaPlatform implementation: [org.hibernate.engine.transaction.jta.platform.internal.NoJtaPlatform]
2023-07-08T21:57:49.494-05:00  INFO 19960 --- [    Test worker] j.LocalContainerEntityManagerFactoryBean : Initialized JPA EntityManagerFactory for persistence unit 'default'
2023-07-08T21:57:50.445-05:00  WARN 19960 --- [    Test worker] JpaBaseConfiguration$JpaWebConfiguration : spring.jpa.open-in-view is enabled by default. Therefore, database queries may be performed during view rendering. Explicitly configure spring.jpa.open-in-view to disable this warning
2023-07-08T21:57:50.720-05:00  INFO 19960 --- [    Test worker] o.b.a.repository.IClientRepositoryTest   : Started IClientRepositoryTest in 5.077 seconds (process running for 12.177)
Hibernate: 
    select
        r1_0.id,
        r1_0.clients_id,
        r1_0.description,
        r1_0.professional_id 
    from
        reviews r1_0
Hibernate: 
    select
        c1_0.id,
        c1_0.edad,
        c1_0.email,
        c1_0.name,
        c1_0.telefono 
    from
        clients c1_0 
    where
        c1_0.id=?
Hibernate: 
    select
        p1_0.id,
        p1_0.area_trabajo,
        p1_0.categoria,
        p1_0.edad,
        p1_0.email,
        p1_0.name,
        p1_0.telefono 
    from
        professionals p1_0 
    where
        p1_0.id=?
Hibernate: 
    select
        c1_0.id,
        c1_0.edad,
        c1_0.email,
        c1_0.name,
        c1_0.telefono 
    from
        clients c1_0 
    where
        c1_0.id=?
Hibernate: 
    select
        p1_0.id,
        p1_0.area_trabajo,
        p1_0.categoria,
        p1_0.edad,
        p1_0.email,
        p1_0.name,
        p1_0.telefono 
    from
        professionals p1_0 
    where
        p1_0.id=?
Hibernate: 
    delete 
    from
        reviews 
    where
        id=?
Hibernate: 
    delete 
    from
        reviews 
    where
        id=?
Hibernate: 
    select
        c1_0.id,
        c1_0.edad,
        c1_0.email,
        c1_0.name,
        c1_0.telefono 
    from
        clients c1_0
Hibernate: 
    delete 
    from
        clients 
    where
        id=?
Hibernate: 
    delete 
    from
        clients 
    where
        id=?
Hibernate: 
    select
        p1_0.id,
        p1_0.area_trabajo,
        p1_0.categoria,
        p1_0.edad,
        p1_0.email,
        p1_0.name,
        p1_0.telefono 
    from
        professionals p1_0
Hibernate: 
    delete 
    from
        professionals 
    where
        id=?
Hibernate: 
    delete 
    from
        professionals 
    where
        id=?
Hibernate: 
    insert 
    into
        clients
        (edad,email,name,telefono) 
    values
        (?,?,?,?)
Hibernate: 
    insert 
    into
        clients
        (edad,email,name,telefono) 
    values
        (?,?,?,?)
Hibernate: 
    select
        c1_0.id,
        c1_0.edad,
        c1_0.email,
        c1_0.name,
        c1_0.telefono 
    from
        clients c1_0
Hibernate: 
    select
        c1_0.id,
        c1_0.edad,
        c1_0.email,
        c1_0.name,
        c1_0.telefono 
    from
        clients c1_0 
    where
        c1_0.id=?
Hibernate: 
    delete 
    from
        clients 
    where
        id=?
Hibernate: 
    select
        c1_0.id,
        c1_0.edad,
        c1_0.email,
        c1_0.name,
        c1_0.telefono 
    from
        clients c1_0
Hibernate: 
    select
        c1_0.id,
        c1_0.edad,
        c1_0.email,
        c1_0.name,
        c1_0.telefono 
    from
        clients c1_0 
    where
        c1_0.id=?
Hibernate: 
    insert 
    into
        clients
        (edad,email,name,telefono) 
    values
        (?,?,?,?)
Hibernate: 
    select
        c1_0.id,
        c1_0.edad,
        c1_0.email,
        c1_0.name,
        c1_0.telefono 
    from
        clients c1_0 
    where
        c1_0.id=?
Hibernate: 
    select
        c1_0.id,
        c1_0.edad,
        c1_0.email,
        c1_0.name,
        c1_0.telefono 
    from
        clients c1_0
Hibernate: 
    select
        c1_0.id,
        c1_0.edad,
        c1_0.email,
        c1_0.name,
        c1_0.telefono 
    from
        clients c1_0 
    where
        c1_0.id=?
Hibernate: 
    select
        c1_0.id,
        c1_0.edad,
        c1_0.email,
        c1_0.name,
        c1_0.telefono 
    from
        clients c1_0 
    where
        c1_0.id=?
Hibernate: 
    select
        c1_0.id,
        c1_0.edad,
        c1_0.email,
        c1_0.name,
        c1_0.telefono 
    from
        clients c1_0 
    where
        c1_0.id=?
Hibernate: 
    select
        c1_0.id,
        c1_0.edad,
        c1_0.email,
        c1_0.name,
        c1_0.telefono 
    from
        clients c1_0 
    where
        c1_0.id=?
]]></system-out>
  <system-err><![CDATA[]]></system-err>
</testsuite>
