<?xml version="1.0" encoding="UTF-8"?>
<testsuite name="org.bedu.atko.controller.ProfessionalControllerTest" tests="5" skipped="0" failures="0" errors="0" timestamp="2023-07-15T23:28:22" hostname="LAPTOP-6DH68450" time="0.478">
  <properties/>
  <testcase name="obtiene todos los profesionales" classname="org.bedu.atko.controller.ProfessionalControllerTest" time="0.115"/>
  <testcase name="actualiza un profesional" classname="org.bedu.atko.controller.ProfessionalControllerTest" time="0.151"/>
  <testcase name="elimina un profesional" classname="org.bedu.atko.controller.ProfessionalControllerTest" time="0.035"/>
  <testcase name="obtiene un profesional por su id" classname="org.bedu.atko.controller.ProfessionalControllerTest" time="0.066"/>
  <testcase name="guarda un profesional" classname="org.bedu.atko.controller.ProfessionalControllerTest" time="0.098"/>
  <system-out><![CDATA[2023-07-15T18:28:21.343-05:00  INFO 10252 --- [    Test worker] t.c.s.AnnotationConfigContextLoaderUtils : Could not detect default configuration classes for test class [org.bedu.atko.controller.ProfessionalControllerTest]: ProfessionalControllerTest does not declare any static, non-private, non-final, nested classes annotated with @Configuration.
2023-07-15T18:28:21.356-05:00  INFO 10252 --- [    Test worker] .b.t.c.SpringBootTestContextBootstrapper : Found @SpringBootConfiguration org.bedu.atko.AtkoApplication for test class org.bedu.atko.controller.ProfessionalControllerTest

  .   ____          _            __ _ _
 /\\ / ___'_ __ _ _(_)_ __  __ _ \ \ \ \
( ( )\___ | '_ | '_| | '_ \/ _` | \ \ \ \
 \\/  ___)| |_)| | | | | || (_| |  ) ) ) )
  '  |____| .__|_| |_|_| |_\__, | / / / /
 =========|_|==============|___/=/_/_/_/
 :: Spring Boot ::                (v3.1.0)

2023-07-15T18:28:21.430-05:00  INFO 10252 --- [    Test worker] o.b.a.c.ProfessionalControllerTest       : Starting ProfessionalControllerTest using Java 17.0.2 with PID 10252 (started by jacor in D:\bedu\fase3\modulo2\proyecto\atko-relationships-cobertura\akto-main)
2023-07-15T18:28:21.432-05:00  INFO 10252 --- [    Test worker] o.b.a.c.ProfessionalControllerTest       : No active profile set, falling back to 1 default profile: "default"
2023-07-15T18:28:22.282-05:00  INFO 10252 --- [    Test worker] o.s.b.t.m.w.SpringBootMockServletContext : Initializing Spring TestDispatcherServlet ''
2023-07-15T18:28:22.283-05:00  INFO 10252 --- [    Test worker] o.s.t.web.servlet.TestDispatcherServlet  : Initializing Servlet ''
2023-07-15T18:28:22.285-05:00  INFO 10252 --- [    Test worker] o.s.t.web.servlet.TestDispatcherServlet  : Completed initialization in 2 ms
2023-07-15T18:28:22.300-05:00  INFO 10252 --- [    Test worker] o.b.a.c.ProfessionalControllerTest       : Started ProfessionalControllerTest in 0.935 seconds (process running for 19.871)
]]></system-out>
  <system-err><![CDATA[]]></system-err>
</testsuite>
