<?xml version="1.0" encoding="UTF-8"?>
<testsuite name="org.bedu.atko.repository.IProfessionalRepositoryTest" tests="4" skipped="0" failures="0" errors="0" timestamp="2023-07-16T19:16:39" hostname="LAPTOP-6DH68450" time="0.225">
  <properties/>
  <testcase name="Should delete a professional" classname="org.bedu.atko.repository.IProfessionalRepositoryTest" time="0.081"/>
  <testcase name="Should get all professionals" classname="org.bedu.atko.repository.IProfessionalRepositoryTest" time="0.086"/>
  <testcase name="Should get a professinal by id" classname="org.bedu.atko.repository.IProfessionalRepositoryTest" time="0.033"/>
  <testcase name="Should save a new professional" classname="org.bedu.atko.repository.IProfessionalRepositoryTest" time="0.021"/>
  <system-out><![CDATA[2023-07-16T14:16:39.239-05:00  INFO 23096 --- [    Test worker] t.c.s.AnnotationConfigContextLoaderUtils : Could not detect default configuration classes for test class [org.bedu.atko.repository.IProfessionalRepositoryTest]: IProfessionalRepositoryTest does not declare any static, non-private, non-final, nested classes annotated with @Configuration.
2023-07-16T14:16:39.241-05:00  INFO 23096 --- [    Test worker] .b.t.c.SpringBootTestContextBootstrapper : Found @SpringBootConfiguration org.bedu.atko.AtkoApplication for test class org.bedu.atko.repository.IProfessionalRepositoryTest
Hibernate: 
    select
        r1_0.id,
        r1_0.clients_id,
        r1_0.description,
        r1_0.professional_id 
    from
        reviews r1_0
Hibernate: 
    select
        p1_0.id,
        p1_0.area_trabajo,
        p1_0.category_id,
        p1_0.edad,
        p1_0.email,
        p1_0.name,
        p1_0.telefono 
    from
        professionals p1_0
Hibernate: 
    select
        c1_0.id,
        c1_0.name 
    from
        category c1_0
Hibernate: 
    select
        c1_0.id,
        c1_0.edad,
        c1_0.email,
        c1_0.name,
        c1_0.telefono 
    from
        clients c1_0
Hibernate: 
    delete 
    from
        clients 
    where
        id=?
Hibernate: 
    delete 
    from
        clients 
    where
        id=?
Hibernate: 
    insert 
    into
        category
        (name,id) 
    values
        (?,?)
Hibernate: 
    insert 
    into
        category
        (name,id) 
    values
        (?,?)
Hibernate: 
    insert 
    into
        professionals
        (area_trabajo,category_id,edad,email,name,telefono) 
    values
        (?,?,?,?,?,?)
Hibernate: 
    insert 
    into
        professionals
        (area_trabajo,category_id,edad,email,name,telefono) 
    values
        (?,?,?,?,?,?)
Hibernate: 
    insert 
    into
        clients
        (edad,email,name,telefono) 
    values
        (?,?,?,?)
Hibernate: 
    insert 
    into
        clients
        (edad,email,name,telefono) 
    values
        (?,?,?,?)
Hibernate: 
    select
        p1_0.id,
        p1_0.area_trabajo,
        c1_0.id,
        c1_0.name,
        p1_0.edad,
        p1_0.email,
        p1_0.name,
        p1_0.telefono 
    from
        professionals p1_0 
    left join
        category c1_0 
            on c1_0.id=p1_0.category_id 
    where
        p1_0.id=?
Hibernate: 
    delete 
    from
        contrataciones 
    where
        professional_id=?
Hibernate: 
    select
        p1_0.id,
        p1_0.area_trabajo,
        c1_0.id,
        c1_0.name,
        p1_0.edad,
        p1_0.email,
        p1_0.name,
        p1_0.telefono 
    from
        professionals p1_0 
    left join
        category c1_0 
            on c1_0.id=p1_0.category_id 
    where
        p1_0.id=?
Hibernate: 
    delete 
    from
        contrataciones 
    where
        professional_id=?
Hibernate: 
    select
        p1_0.id,
        p1_0.area_trabajo,
        p1_0.category_id,
        p1_0.edad,
        p1_0.email,
        p1_0.name,
        p1_0.telefono 
    from
        professionals p1_0
Hibernate: 
    select
        c1_0.id,
        c1_0.name 
    from
        category c1_0 
    where
        c1_0.id=?
Hibernate: 
    select
        c1_0.id,
        c1_0.name 
    from
        category c1_0 
    where
        c1_0.id=?
Hibernate: 
    select
        p1_0.id,
        p1_0.area_trabajo,
        c1_0.id,
        c1_0.name,
        p1_0.edad,
        p1_0.email,
        p1_0.name,
        p1_0.telefono 
    from
        professionals p1_0 
    left join
        category c1_0 
            on c1_0.id=p1_0.category_id 
    where
        p1_0.id=?
Hibernate: 
    delete 
    from
        contrataciones 
    where
        professional_id=?
Hibernate: 
    delete 
    from
        professionals 
    where
        id=?
Hibernate: 
    select
        p1_0.id,
        p1_0.area_trabajo,
        p1_0.category_id,
        p1_0.edad,
        p1_0.email,
        p1_0.name,
        p1_0.telefono 
    from
        professionals p1_0
Hibernate: 
    select
        c1_0.id,
        c1_0.name 
    from
        category c1_0 
    where
        c1_0.id=?
Hibernate: 
    select
        p1_0.id,
        p1_0.area_trabajo,
        c1_0.id,
        c1_0.name,
        p1_0.edad,
        p1_0.email,
        p1_0.name,
        p1_0.telefono 
    from
        professionals p1_0 
    left join
        category c1_0 
            on c1_0.id=p1_0.category_id 
    where
        p1_0.id=?
Hibernate: 
    select
        c1_0.id,
        c1_0.name 
    from
        category c1_0 
    where
        c1_0.id=?
Hibernate: 
    insert 
    into
        professionals
        (area_trabajo,category_id,edad,email,name,telefono) 
    values
        (?,?,?,?,?,?)
Hibernate: 
    select
        p1_0.id,
        p1_0.area_trabajo,
        c1_0.id,
        c1_0.name,
        p1_0.edad,
        p1_0.email,
        p1_0.name,
        p1_0.telefono 
    from
        professionals p1_0 
    left join
        category c1_0 
            on c1_0.id=p1_0.category_id 
    where
        p1_0.id=?
Hibernate: 
    delete 
    from
        contrataciones 
    where
        professional_id=?
Hibernate: 
    select
        p1_0.id,
        p1_0.area_trabajo,
        p1_0.category_id,
        p1_0.edad,
        p1_0.email,
        p1_0.name,
        p1_0.telefono 
    from
        professionals p1_0
Hibernate: 
    select
        c1_0.id,
        c1_0.name 
    from
        category c1_0 
    where
        c1_0.id=?
Hibernate: 
    select
        c1_0.id,
        c1_0.name 
    from
        category c1_0 
    where
        c1_0.id=?
Hibernate: 
    select
        p1_0.id,
        p1_0.area_trabajo,
        p1_0.category_id,
        p1_0.edad,
        p1_0.email,
        p1_0.name,
        p1_0.telefono 
    from
        professionals p1_0
Hibernate: 
    select
        c1_0.id,
        c1_0.name 
    from
        category c1_0 
    where
        c1_0.id=?
Hibernate: 
    select
        c1_0.id,
        c1_0.name 
    from
        category c1_0 
    where
        c1_0.id=?
Hibernate: 
    select
        p1_0.id,
        p1_0.area_trabajo,
        c1_0.id,
        c1_0.name,
        p1_0.edad,
        p1_0.email,
        p1_0.name,
        p1_0.telefono 
    from
        professionals p1_0 
    left join
        category c1_0 
            on c1_0.id=p1_0.category_id 
    where
        p1_0.id=?
Hibernate: 
    select
        c1_0.id,
        c1_0.name 
    from
        category c1_0 
    where
        c1_0.id=?
Hibernate: 
    insert 
    into
        professionals
        (area_trabajo,category_id,edad,email,name,telefono) 
    values
        (?,?,?,?,?,?)
Hibernate: 
    select
        p1_0.id,
        p1_0.area_trabajo,
        c1_0.id,
        c1_0.name,
        p1_0.edad,
        p1_0.email,
        p1_0.name,
        p1_0.telefono 
    from
        professionals p1_0 
    left join
        category c1_0 
            on c1_0.id=p1_0.category_id 
    where
        p1_0.id=?
Hibernate: 
    select
        p1_0.id,
        p1_0.area_trabajo,
        c1_0.id,
        c1_0.name,
        p1_0.edad,
        p1_0.email,
        p1_0.name,
        p1_0.telefono 
    from
        professionals p1_0 
    left join
        category c1_0 
            on c1_0.id=p1_0.category_id 
    where
        p1_0.id=?
Hibernate: 
    delete 
    from
        contrataciones 
    where
        professional_id=?
Hibernate: 
    select
        r1_0.id,
        r1_0.clients_id,
        r1_0.description,
        r1_0.professional_id 
    from
        reviews r1_0
Hibernate: 
    select
        p1_0.id,
        p1_0.area_trabajo,
        p1_0.category_id,
        p1_0.edad,
        p1_0.email,
        p1_0.name,
        p1_0.telefono 
    from
        professionals p1_0
Hibernate: 
    select
        c1_0.id,
        c1_0.name 
    from
        category c1_0 
    where
        c1_0.id=?
Hibernate: 
    select
        c1_0.id,
        c1_0.name 
    from
        category c1_0 
    where
        c1_0.id=?
Hibernate: 
    delete 
    from
        contrataciones 
    where
        professional_id=?
Hibernate: 
    delete 
    from
        contrataciones 
    where
        professional_id=?
Hibernate: 
    delete 
    from
        contrataciones 
    where
        professional_id=?
Hibernate: 
    delete 
    from
        professionals 
    where
        id=?
Hibernate: 
    delete 
    from
        professionals 
    where
        id=?
Hibernate: 
    delete 
    from
        professionals 
    where
        id=?
Hibernate: 
    select
        c1_0.id,
        c1_0.name 
    from
        category c1_0
Hibernate: 
    delete 
    from
        category 
    where
        id=?
Hibernate: 
    delete 
    from
        category 
    where
        id=?
Hibernate: 
    select
        c1_0.id,
        c1_0.edad,
        c1_0.email,
        c1_0.name,
        c1_0.telefono 
    from
        clients c1_0
Hibernate: 
    delete 
    from
        clients 
    where
        id=?
Hibernate: 
    delete 
    from
        clients 
    where
        id=?
]]></system-out>
  <system-err><![CDATA[]]></system-err>
</testsuite>
