<?xml version="1.0" encoding="UTF-8"?>
<testsuite name="org.bedu.atko.controller.ClientControllerTest" tests="5" skipped="0" failures="0" errors="0" timestamp="2023-07-15T23:28:20" hostname="LAPTOP-6DH68450" time="0.509">
  <properties/>
  <testcase name="elimina un cliente" classname="org.bedu.atko.controller.ClientControllerTest" time="0.047"/>
  <testcase name="obtiene todos los clientes" classname="org.bedu.atko.controller.ClientControllerTest" time="0.112"/>
  <testcase name="actualiza un cliente" classname="org.bedu.atko.controller.ClientControllerTest" time="0.119"/>
  <testcase name="controlador obtiene un cliente por su id" classname="org.bedu.atko.controller.ClientControllerTest" time="0.062"/>
  <testcase name="guarda un cliente" classname="org.bedu.atko.controller.ClientControllerTest" time="0.15"/>
  <system-out><![CDATA[2023-07-15T18:28:19.616-05:00  INFO 10252 --- [    Test worker] t.c.s.AnnotationConfigContextLoaderUtils : Could not detect default configuration classes for test class [org.bedu.atko.controller.ClientControllerTest]: ClientControllerTest does not declare any static, non-private, non-final, nested classes annotated with @Configuration.
2023-07-15T18:28:19.632-05:00  INFO 10252 --- [    Test worker] .b.t.c.SpringBootTestContextBootstrapper : Found @SpringBootConfiguration org.bedu.atko.AtkoApplication for test class org.bedu.atko.controller.ClientControllerTest

  .   ____          _            __ _ _
 /\\ / ___'_ __ _ _(_)_ __  __ _ \ \ \ \
( ( )\___ | '_ | '_| | '_ \/ _` | \ \ \ \
 \\/  ___)| |_)| | | | | || (_| |  ) ) ) )
  '  |____| .__|_| |_|_| |_\__, | / / / /
 =========|_|==============|___/=/_/_/_/
 :: Spring Boot ::                (v3.1.0)

2023-07-15T18:28:19.736-05:00  INFO 10252 --- [    Test worker] o.b.a.controller.ClientControllerTest    : Starting ClientControllerTest using Java 17.0.2 with PID 10252 (started by jacor in D:\bedu\fase3\modulo2\proyecto\atko-relationships-cobertura\akto-main)
2023-07-15T18:28:19.737-05:00  INFO 10252 --- [    Test worker] o.b.a.controller.ClientControllerTest    : No active profile set, falling back to 1 default profile: "default"
2023-07-15T18:28:20.780-05:00  INFO 10252 --- [    Test worker] o.s.b.t.m.w.SpringBootMockServletContext : Initializing Spring TestDispatcherServlet ''
2023-07-15T18:28:20.781-05:00  INFO 10252 --- [    Test worker] o.s.t.web.servlet.TestDispatcherServlet  : Initializing Servlet ''
2023-07-15T18:28:20.784-05:00  INFO 10252 --- [    Test worker] o.s.t.web.servlet.TestDispatcherServlet  : Completed initialization in 3 ms
2023-07-15T18:28:20.811-05:00  INFO 10252 --- [    Test worker] o.b.a.controller.ClientControllerTest    : Started ClientControllerTest in 1.17 seconds (process running for 18.381)
]]></system-out>
  <system-err><![CDATA[]]></system-err>
</testsuite>
