<?xml version="1.0" encoding="UTF-8"?>
<testsuite name="org.bedu.atko.controller.ReviewControllerTest" tests="5" skipped="0" failures="0" errors="0" timestamp="2023-07-09T02:57:45" hostname="LAPTOP-6DH68450" time="0.259">
  <properties/>
  <testcase name="obtiene un review por el id del profesional" classname="org.bedu.atko.controller.ReviewControllerTest" time="0.07"/>
  <testcase name="obtiene todos los reviews" classname="org.bedu.atko.controller.ReviewControllerTest" time="0.04"/>
  <testcase name="actualiza un review" classname="org.bedu.atko.controller.ReviewControllerTest" time="0.047"/>
  <testcase name="elimina un review" classname="org.bedu.atko.controller.ReviewControllerTest" time="0.022"/>
  <testcase name="guarda un review" classname="org.bedu.atko.controller.ReviewControllerTest" time="0.067"/>
  <system-out><![CDATA[2023-07-08T21:57:44.560-05:00  INFO 19960 --- [    Test worker] t.c.s.AnnotationConfigContextLoaderUtils : Could not detect default configuration classes for test class [org.bedu.atko.controller.ReviewControllerTest]: ReviewControllerTest does not declare any static, non-private, non-final, nested classes annotated with @Configuration.
2023-07-08T21:57:44.569-05:00  INFO 19960 --- [    Test worker] .b.t.c.SpringBootTestContextBootstrapper : Found @SpringBootConfiguration org.bedu.atko.AtkoApplication for test class org.bedu.atko.controller.ReviewControllerTest

  .   ____          _            __ _ _
 /\\ / ___'_ __ _ _(_)_ __  __ _ \ \ \ \
( ( )\___ | '_ | '_| | '_ \/ _` | \ \ \ \
 \\/  ___)| |_)| | | | | || (_| |  ) ) ) )
  '  |____| .__|_| |_|_| |_\__, | / / / /
 =========|_|==============|___/=/_/_/_/
 :: Spring Boot ::                (v3.1.0)

2023-07-08T21:57:44.637-05:00  INFO 19960 --- [    Test worker] o.b.a.controller.ReviewControllerTest    : Starting ReviewControllerTest using Java 17.0.2 with PID 19960 (started by jacor in D:\bedu\fase3\modulo2\proyecto\atko-pruebas\atko-main)
2023-07-08T21:57:44.637-05:00  INFO 19960 --- [    Test worker] o.b.a.controller.ReviewControllerTest    : No active profile set, falling back to 1 default profile: "default"
2023-07-08T21:57:45.317-05:00  INFO 19960 --- [    Test worker] o.s.b.t.m.w.SpringBootMockServletContext : Initializing Spring TestDispatcherServlet ''
2023-07-08T21:57:45.318-05:00  INFO 19960 --- [    Test worker] o.s.t.web.servlet.TestDispatcherServlet  : Initializing Servlet ''
2023-07-08T21:57:45.320-05:00  INFO 19960 --- [    Test worker] o.s.t.web.servlet.TestDispatcherServlet  : Completed initialization in 2 ms
2023-07-08T21:57:45.331-05:00  INFO 19960 --- [    Test worker] o.b.a.controller.ReviewControllerTest    : Started ReviewControllerTest in 0.755 seconds (process running for 6.788)
]]></system-out>
  <system-err><![CDATA[]]></system-err>
</testsuite>
