<?xml version="1.0" encoding="UTF-8"?>
<testsuite name="org.bedu.atko.controller.ProfessionalControllerTest" tests="5" skipped="0" failures="0" errors="0" timestamp="2023-07-16T19:16:20" hostname="LAPTOP-6DH68450" time="0.348">
  <properties/>
  <testcase name="obtiene todos los profesionales" classname="org.bedu.atko.controller.ProfessionalControllerTest" time="0.103"/>
  <testcase name="actualiza un profesional" classname="org.bedu.atko.controller.ProfessionalControllerTest" time="0.076"/>
  <testcase name="elimina un profesional" classname="org.bedu.atko.controller.ProfessionalControllerTest" time="0.025"/>
  <testcase name="obtiene un profesional por su id" classname="org.bedu.atko.controller.ProfessionalControllerTest" time="0.052"/>
  <testcase name="guarda un profesional" classname="org.bedu.atko.controller.ProfessionalControllerTest" time="0.083"/>
  <system-out><![CDATA[2023-07-16T14:16:19.235-05:00  INFO 23096 --- [    Test worker] t.c.s.AnnotationConfigContextLoaderUtils : Could not detect default configuration classes for test class [org.bedu.atko.controller.ProfessionalControllerTest]: ProfessionalControllerTest does not declare any static, non-private, non-final, nested classes annotated with @Configuration.
2023-07-16T14:16:19.252-05:00  INFO 23096 --- [    Test worker] .b.t.c.SpringBootTestContextBootstrapper : Found @SpringBootConfiguration org.bedu.atko.AtkoApplication for test class org.bedu.atko.controller.ProfessionalControllerTest

  .   ____          _            __ _ _
 /\\ / ___'_ __ _ _(_)_ __  __ _ \ \ \ \
( ( )\___ | '_ | '_| | '_ \/ _` | \ \ \ \
 \\/  ___)| |_)| | | | | || (_| |  ) ) ) )
  '  |____| .__|_| |_|_| |_\__, | / / / /
 =========|_|==============|___/=/_/_/_/
 :: Spring Boot ::                (v3.1.0)

2023-07-16T14:16:19.349-05:00  INFO 23096 --- [    Test worker] o.b.a.c.ProfessionalControllerTest       : Starting ProfessionalControllerTest using Java 17.0.2 with PID 23096 (started by jacor in D:\bedu\fase3\modulo2\proyecto\atko-relationships-cobertura-servicios\akto-main)
2023-07-16T14:16:19.349-05:00  INFO 23096 --- [    Test worker] o.b.a.c.ProfessionalControllerTest       : No active profile set, falling back to 1 default profile: "default"
2023-07-16T14:16:20.331-05:00  INFO 23096 --- [    Test worker] o.s.b.t.m.w.SpringBootMockServletContext : Initializing Spring TestDispatcherServlet ''
2023-07-16T14:16:20.331-05:00  INFO 23096 --- [    Test worker] o.s.t.web.servlet.TestDispatcherServlet  : Initializing Servlet ''
2023-07-16T14:16:20.332-05:00  INFO 23096 --- [    Test worker] o.s.t.web.servlet.TestDispatcherServlet  : Completed initialization in 1 ms
2023-07-16T14:16:20.345-05:00  INFO 23096 --- [    Test worker] o.b.a.c.ProfessionalControllerTest       : Started ProfessionalControllerTest in 1.085 seconds (process running for 21.727)
]]></system-out>
  <system-err><![CDATA[]]></system-err>
</testsuite>
