<?xml version="1.0" encoding="UTF-8"?>
<testsuite name="org.bedu.atko.repository.IReviewRepositoryTest" tests="4" skipped="0" failures="0" errors="0" timestamp="2023-07-16T19:16:39" hostname="LAPTOP-6DH68450" time="0.303">
  <properties/>
  <testcase name="Elimina un review" classname="org.bedu.atko.repository.IReviewRepositoryTest" time="0.075"/>
  <testcase name="Obtiene todos los reviews" classname="org.bedu.atko.repository.IReviewRepositoryTest" time="0.06"/>
  <testcase name="Guarda un review" classname="org.bedu.atko.repository.IReviewRepositoryTest" time="0.022"/>
  <testcase name="findByProfessional_id()" classname="org.bedu.atko.repository.IReviewRepositoryTest" time="0.144"/>
  <system-out><![CDATA[2023-07-16T14:16:39.658-05:00  INFO 23096 --- [    Test worker] t.c.s.AnnotationConfigContextLoaderUtils : Could not detect default configuration classes for test class [org.bedu.atko.repository.IReviewRepositoryTest]: IReviewRepositoryTest does not declare any static, non-private, non-final, nested classes annotated with @Configuration.
2023-07-16T14:16:39.660-05:00  INFO 23096 --- [    Test worker] .b.t.c.SpringBootTestContextBootstrapper : Found @SpringBootConfiguration org.bedu.atko.AtkoApplication for test class org.bedu.atko.repository.IReviewRepositoryTest
Hibernate: 
    select
        r1_0.id,
        r1_0.clients_id,
        r1_0.description,
        r1_0.professional_id 
    from
        reviews r1_0
Hibernate: 
    select
        c1_0.id,
        c1_0.name 
    from
        category c1_0
Hibernate: 
    select
        c1_0.id,
        c1_0.edad,
        c1_0.email,
        c1_0.name,
        c1_0.telefono 
    from
        clients c1_0
Hibernate: 
    select
        p1_0.id,
        p1_0.area_trabajo,
        p1_0.category_id,
        p1_0.edad,
        p1_0.email,
        p1_0.name,
        p1_0.telefono 
    from
        professionals p1_0
Hibernate: 
    insert 
    into
        category
        (name,id) 
    values
        (?,?)
Hibernate: 
    insert 
    into
        category
        (name,id) 
    values
        (?,?)
Hibernate: 
    insert 
    into
        professionals
        (area_trabajo,category_id,edad,email,name,telefono) 
    values
        (?,?,?,?,?,?)
Hibernate: 
    insert 
    into
        professionals
        (area_trabajo,category_id,edad,email,name,telefono) 
    values
        (?,?,?,?,?,?)
Hibernate: 
    insert 
    into
        clients
        (edad,email,name,telefono) 
    values
        (?,?,?,?)
Hibernate: 
    insert 
    into
        clients
        (edad,email,name,telefono) 
    values
        (?,?,?,?)
Hibernate: 
    insert 
    into
        reviews
        (clients_id,description,professional_id) 
    values
        (?,?,?)
Hibernate: 
    insert 
    into
        reviews
        (clients_id,description,professional_id) 
    values
        (?,?,?)
Hibernate: 
    select
        r1_0.id,
        r1_0.clients_id,
        r1_0.description,
        r1_0.professional_id 
    from
        reviews r1_0
Hibernate: 
    select
        c1_0.id,
        c1_0.edad,
        c1_0.email,
        c1_0.name,
        c1_0.telefono 
    from
        clients c1_0 
    where
        c1_0.id=?
Hibernate: 
    select
        p1_0.id,
        p1_0.area_trabajo,
        c1_0.id,
        c1_0.name,
        p1_0.edad,
        p1_0.email,
        p1_0.name,
        p1_0.telefono 
    from
        professionals p1_0 
    left join
        category c1_0 
            on c1_0.id=p1_0.category_id 
    where
        p1_0.id=?
Hibernate: 
    select
        c1_0.id,
        c1_0.edad,
        c1_0.email,
        c1_0.name,
        c1_0.telefono 
    from
        clients c1_0 
    where
        c1_0.id=?
Hibernate: 
    select
        p1_0.id,
        p1_0.area_trabajo,
        c1_0.id,
        c1_0.name,
        p1_0.edad,
        p1_0.email,
        p1_0.name,
        p1_0.telefono 
    from
        professionals p1_0 
    left join
        category c1_0 
            on c1_0.id=p1_0.category_id 
    where
        p1_0.id=?
Hibernate: 
    select
        r1_0.id,
        c1_0.id,
        c1_0.edad,
        c1_0.email,
        c1_0.name,
        c1_0.telefono,
        r1_0.description,
        p1_0.id,
        p1_0.area_trabajo,
        c2_0.id,
        c2_0.name,
        p1_0.edad,
        p1_0.email,
        p1_0.name,
        p1_0.telefono 
    from
        reviews r1_0 
    left join
        clients c1_0 
            on c1_0.id=r1_0.clients_id 
    left join
        professionals p1_0 
            on p1_0.id=r1_0.professional_id 
    left join
        category c2_0 
            on c2_0.id=p1_0.category_id 
    where
        r1_0.id=?
Hibernate: 
    delete 
    from
        reviews 
    where
        id=?
Hibernate: 
    select
        r1_0.id,
        r1_0.clients_id,
        r1_0.description,
        r1_0.professional_id 
    from
        reviews r1_0
Hibernate: 
    select
        c1_0.id,
        c1_0.edad,
        c1_0.email,
        c1_0.name,
        c1_0.telefono 
    from
        clients c1_0 
    where
        c1_0.id=?
Hibernate: 
    select
        p1_0.id,
        p1_0.area_trabajo,
        c1_0.id,
        c1_0.name,
        p1_0.edad,
        p1_0.email,
        p1_0.name,
        p1_0.telefono 
    from
        professionals p1_0 
    left join
        category c1_0 
            on c1_0.id=p1_0.category_id 
    where
        p1_0.id=?
Hibernate: 
    select
        r1_0.id,
        c1_0.id,
        c1_0.edad,
        c1_0.email,
        c1_0.name,
        c1_0.telefono,
        r1_0.description,
        p1_0.id,
        p1_0.area_trabajo,
        c2_0.id,
        c2_0.name,
        p1_0.edad,
        p1_0.email,
        p1_0.name,
        p1_0.telefono 
    from
        reviews r1_0 
    left join
        clients c1_0 
            on c1_0.id=r1_0.clients_id 
    left join
        professionals p1_0 
            on p1_0.id=r1_0.professional_id 
    left join
        category c2_0 
            on c2_0.id=p1_0.category_id 
    where
        r1_0.id=?
Hibernate: 
    select
        c1_0.id,
        c1_0.edad,
        c1_0.email,
        c1_0.name,
        c1_0.telefono 
    from
        clients c1_0 
    where
        c1_0.id=?
Hibernate: 
    select
        p1_0.id,
        p1_0.area_trabajo,
        c1_0.id,
        c1_0.name,
        p1_0.edad,
        p1_0.email,
        p1_0.name,
        p1_0.telefono 
    from
        professionals p1_0 
    left join
        category c1_0 
            on c1_0.id=p1_0.category_id 
    where
        p1_0.id=?
Hibernate: 
    insert 
    into
        reviews
        (clients_id,description,professional_id) 
    values
        (?,?,?)
Hibernate: 
    select
        r1_0.id,
        c1_0.id,
        c1_0.edad,
        c1_0.email,
        c1_0.name,
        c1_0.telefono,
        r1_0.description,
        p1_0.id,
        p1_0.area_trabajo,
        c2_0.id,
        c2_0.name,
        p1_0.edad,
        p1_0.email,
        p1_0.name,
        p1_0.telefono 
    from
        reviews r1_0 
    left join
        clients c1_0 
            on c1_0.id=r1_0.clients_id 
    left join
        professionals p1_0 
            on p1_0.id=r1_0.professional_id 
    left join
        category c2_0 
            on c2_0.id=p1_0.category_id 
    where
        r1_0.id=?
Hibernate: 
    select
        r1_0.id,
        r1_0.clients_id,
        r1_0.description,
        r1_0.professional_id 
    from
        reviews r1_0
Hibernate: 
    select
        c1_0.id,
        c1_0.edad,
        c1_0.email,
        c1_0.name,
        c1_0.telefono 
    from
        clients c1_0 
    where
        c1_0.id=?
Hibernate: 
    select
        p1_0.id,
        p1_0.area_trabajo,
        c1_0.id,
        c1_0.name,
        p1_0.edad,
        p1_0.email,
        p1_0.name,
        p1_0.telefono 
    from
        professionals p1_0 
    left join
        category c1_0 
            on c1_0.id=p1_0.category_id 
    where
        p1_0.id=?
Hibernate: 
    select
        c1_0.id,
        c1_0.edad,
        c1_0.email,
        c1_0.name,
        c1_0.telefono 
    from
        clients c1_0 
    where
        c1_0.id=?
Hibernate: 
    select
        p1_0.id,
        p1_0.area_trabajo,
        c1_0.id,
        c1_0.name,
        p1_0.edad,
        p1_0.email,
        p1_0.name,
        p1_0.telefono 
    from
        professionals p1_0 
    left join
        category c1_0 
            on c1_0.id=p1_0.category_id 
    where
        p1_0.id=?
Hibernate: 
    select
        r1_0.id,
        c1_0.id,
        c1_0.edad,
        c1_0.email,
        c1_0.name,
        c1_0.telefono,
        r1_0.description,
        p1_0.id,
        p1_0.area_trabajo,
        c2_0.id,
        c2_0.name,
        p1_0.edad,
        p1_0.email,
        p1_0.name,
        p1_0.telefono 
    from
        reviews r1_0 
    left join
        clients c1_0 
            on c1_0.id=r1_0.clients_id 
    left join
        professionals p1_0 
            on p1_0.id=r1_0.professional_id 
    left join
        category c2_0 
            on c2_0.id=p1_0.category_id 
    where
        r1_0.id=?
Hibernate: 
    select
        r1_0.id,
        c1_0.id,
        c1_0.edad,
        c1_0.email,
        c1_0.name,
        c1_0.telefono,
        r1_0.description,
        p1_0.id,
        p1_0.area_trabajo,
        c2_0.id,
        c2_0.name,
        p1_0.edad,
        p1_0.email,
        p1_0.name,
        p1_0.telefono 
    from
        reviews r1_0 
    left join
        clients c1_0 
            on c1_0.id=r1_0.clients_id 
    left join
        professionals p1_0 
            on p1_0.id=r1_0.professional_id 
    left join
        category c2_0 
            on c2_0.id=p1_0.category_id 
    where
        r1_0.id=?
Hibernate: 
    select
        r1_0.id,
        c1_0.id,
        c1_0.edad,
        c1_0.email,
        c1_0.name,
        c1_0.telefono,
        r1_0.description,
        p1_0.id,
        p1_0.area_trabajo,
        c2_0.id,
        c2_0.name,
        p1_0.edad,
        p1_0.email,
        p1_0.name,
        p1_0.telefono 
    from
        reviews r1_0 
    left join
        clients c1_0 
            on c1_0.id=r1_0.clients_id 
    left join
        professionals p1_0 
            on p1_0.id=r1_0.professional_id 
    left join
        category c2_0 
            on c2_0.id=p1_0.category_id 
    where
        r1_0.id=?
Hibernate: 
    select
        r1_0.id,
        r1_0.clients_id,
        r1_0.description,
        r1_0.professional_id 
    from
        reviews r1_0 
    where
        r1_0.professional_id=?
Hibernate: 
    select
        c1_0.id,
        c1_0.edad,
        c1_0.email,
        c1_0.name,
        c1_0.telefono 
    from
        clients c1_0 
    where
        c1_0.id=?
Hibernate: 
    select
        p1_0.id,
        p1_0.area_trabajo,
        c1_0.id,
        c1_0.name,
        p1_0.edad,
        p1_0.email,
        p1_0.name,
        p1_0.telefono 
    from
        professionals p1_0 
    left join
        category c1_0 
            on c1_0.id=p1_0.category_id 
    where
        p1_0.id=?
]]></system-out>
  <system-err><![CDATA[]]></system-err>
</testsuite>
