<?xml version="1.0" encoding="UTF-8"?>
<testsuite name="org.bedu.atko.controller.ReviewControllerTest" tests="5" skipped="0" failures="0" errors="0" timestamp="2023-07-15T23:28:23" hostname="LAPTOP-6DH68450" time="0.284">
  <properties/>
  <testcase name="obtiene un review por el id del profesional" classname="org.bedu.atko.controller.ReviewControllerTest" time="0.074"/>
  <testcase name="obtiene todos los reviews" classname="org.bedu.atko.controller.ReviewControllerTest" time="0.041"/>
  <testcase name="actualiza un review" classname="org.bedu.atko.controller.ReviewControllerTest" time="0.065"/>
  <testcase name="elimina un review" classname="org.bedu.atko.controller.ReviewControllerTest" time="0.029"/>
  <testcase name="guarda un review" classname="org.bedu.atko.controller.ReviewControllerTest" time="0.065"/>
  <system-out><![CDATA[2023-07-15T18:28:22.798-05:00  INFO 10252 --- [    Test worker] t.c.s.AnnotationConfigContextLoaderUtils : Could not detect default configuration classes for test class [org.bedu.atko.controller.ReviewControllerTest]: ReviewControllerTest does not declare any static, non-private, non-final, nested classes annotated with @Configuration.
2023-07-15T18:28:22.809-05:00  INFO 10252 --- [    Test worker] .b.t.c.SpringBootTestContextBootstrapper : Found @SpringBootConfiguration org.bedu.atko.AtkoApplication for test class org.bedu.atko.controller.ReviewControllerTest

  .   ____          _            __ _ _
 /\\ / ___'_ __ _ _(_)_ __  __ _ \ \ \ \
( ( )\___ | '_ | '_| | '_ \/ _` | \ \ \ \
 \\/  ___)| |_)| | | | | || (_| |  ) ) ) )
  '  |____| .__|_| |_|_| |_\__, | / / / /
 =========|_|==============|___/=/_/_/_/
 :: Spring Boot ::                (v3.1.0)

2023-07-15T18:28:22.883-05:00  INFO 10252 --- [    Test worker] o.b.a.controller.ReviewControllerTest    : Starting ReviewControllerTest using Java 17.0.2 with PID 10252 (started by jacor in D:\bedu\fase3\modulo2\proyecto\atko-relationships-cobertura\akto-main)
2023-07-15T18:28:22.885-05:00  INFO 10252 --- [    Test worker] o.b.a.controller.ReviewControllerTest    : No active profile set, falling back to 1 default profile: "default"
2023-07-15T18:28:23.609-05:00  INFO 10252 --- [    Test worker] o.s.b.t.m.w.SpringBootMockServletContext : Initializing Spring TestDispatcherServlet ''
2023-07-15T18:28:23.610-05:00  INFO 10252 --- [    Test worker] o.s.t.web.servlet.TestDispatcherServlet  : Initializing Servlet ''
2023-07-15T18:28:23.611-05:00  INFO 10252 --- [    Test worker] o.s.t.web.servlet.TestDispatcherServlet  : Completed initialization in 1 ms
2023-07-15T18:28:23.623-05:00  INFO 10252 --- [    Test worker] o.b.a.controller.ReviewControllerTest    : Started ReviewControllerTest in 0.808 seconds (process running for 21.194)
]]></system-out>
  <system-err><![CDATA[]]></system-err>
</testsuite>
